# JRE version: OpenJDK Runtime Environment (8.0_212-b04) (build 1.8.0_212-release-1586-b04)
# Java VM: OpenJDK 64-Bit Server VM (25.212-b04 mixed mode windows-amd64 compressed oops)
Heap:
 PSYoungGen      total 400896K, used 123066K [0x00000000e0000000, 0x00000000ff080000, 0x0000000100000000)
  eden space 360448K, 34% used [0x00000000e0000000,0x00000000e782ebf0,0x00000000f6000000)
  from space 40448K, 0% used [0x00000000f6000000,0x00000000f6000000,0x00000000f8780000)
  to   space 39936K, 0% used [0x00000000fc980000,0x00000000fc980000,0x00000000ff080000)
 ParOldGen       total 201728K, used 65381K [0x00000000a0000000, 0x00000000ac500000, 0x00000000e0000000)
  object space 201728K, 32% used [0x00000000a0000000,0x00000000a3fd9640,0x00000000ac500000)
 Metaspace       used 94014K, capacity 97632K, committed 99072K, reserved 1134592K
  class space    used 11974K, capacity 12779K, committed 13056K, reserved 1048576K
GC Heap History (10 events):
Event: 1220.100 GC heap before
{Heap before GC invocations=25 (full 3):
 PSYoungGen      total 269312K, used 242613K [0x00000000e0000000, 0x00000000f6800000, 0x0000000100000000)
  eden space 224256K, 100% used [0x00000000e0000000,0x00000000edb00000,0x00000000edb00000)
  from space 45056K, 40% used [0x00000000edb00000,0x00000000eeced6e0,0x00000000f0700000)
  to   space 43008K, 0% used [0x00000000f3e00000,0x00000000f3e00000,0x00000000f6800000)
 ParOldGen       total 149504K, used 74037K [0x00000000a0000000, 0x00000000a9200000, 0x00000000e0000000)
  object space 149504K, 49% used [0x00000000a0000000,0x00000000a484d698,0x00000000a9200000)
 Metaspace       used 85068K, capacity 89330K, committed 89600K, reserved 1126400K
  class space    used 10995K, capacity 11908K, committed 12032K, reserved 1048576K
Event: 1220.129 GC heap after
Heap after GC invocations=25 (full 3):
 PSYoungGen      total 327168K, used 22237K [0x00000000e0000000, 0x00000000f6d80000, 0x0000000100000000)
  eden space 284160K, 0% used [0x00000000e0000000,0x00000000e0000000,0x00000000f1580000)
  from space 43008K, 51% used [0x00000000f3e00000,0x00000000f53b7728,0x00000000f6800000)
  to   space 41472K, 0% used [0x00000000f1580000,0x00000000f1580000,0x00000000f3e00000)
 ParOldGen       total 149504K, used 76813K [0x00000000a0000000, 0x00000000a9200000, 0x00000000e0000000)
  object space 149504K, 51% used [0x00000000a0000000,0x00000000a4b03708,0x00000000a9200000)
 Metaspace       used 85068K, capacity 89330K, committed 89600K, reserved 1126400K
  class space    used 10995K, capacity 11908K, committed 12032K, reserved 1048576K
}
Event: 1223.435 GC heap before
{Heap before GC invocations=26 (full 3):
 PSYoungGen      total 327168K, used 306397K [0x00000000e0000000, 0x00000000f6d80000, 0x0000000100000000)
  eden space 284160K, 100% used [0x00000000e0000000,0x00000000f1580000,0x00000000f1580000)
  from space 43008K, 51% used [0x00000000f3e00000,0x00000000f53b7728,0x00000000f6800000)
  to   space 41472K, 0% used [0x00000000f1580000,0x00000000f1580000,0x00000000f3e00000)
 ParOldGen       total 149504K, used 76813K [0x00000000a0000000, 0x00000000a9200000, 0x00000000e0000000)
  object space 149504K, 51% used [0x00000000a0000000,0x00000000a4b03708,0x00000000a9200000)
 Metaspace       used 86855K, capacity 91296K, committed 91520K, reserved 1128448K
  class space    used 11218K, capacity 12147K, committed 12160K, reserved 1048576K
Event: 1223.453 GC heap after
Heap after GC invocations=26 (full 3):
 PSYoungGen      total 325632K, used 6783K [0x00000000e0000000, 0x00000000fb400000, 0x0000000100000000)
  eden space 284160K, 0% used [0x00000000e0000000,0x00000000e0000000,0x00000000f1580000)
  from space 41472K, 16% used [0x00000000f1580000,0x00000000f1c1fd10,0x00000000f3e00000)
  to   space 41984K, 0% used [0x00000000f8b00000,0x00000000f8b00000,0x00000000fb400000)
 ParOldGen       total 149504K, used 83154K [0x00000000a0000000, 0x00000000a9200000, 0x00000000e0000000)
  object space 149504K, 55% used [0x00000000a0000000,0x00000000a5134870,0x00000000a9200000)
 Metaspace       used 86855K, capacity 91296K, committed 91520K, reserved 1128448K
  class space    used 11218K, capacity 12147K, committed 12160K, reserved 1048576K
}
Event: 1238.886 GC heap before
{Heap before GC invocations=27 (full 3):
 PSYoungGen      total 325632K, used 290943K [0x00000000e0000000, 0x00000000fb400000, 0x0000000100000000)
  eden space 284160K, 100% used [0x00000000e0000000,0x00000000f1580000,0x00000000f1580000)
  from space 41472K, 16% used [0x00000000f1580000,0x00000000f1c1fd10,0x00000000f3e00000)
  to   space 41984K, 0% used [0x00000000f8b00000,0x00000000f8b00000,0x00000000fb400000)
 ParOldGen       total 149504K, used 83154K [0x00000000a0000000, 0x00000000a9200000, 0x00000000e0000000)
  object space 149504K, 55% used [0x00000000a0000000,0x00000000a5134870,0x00000000a9200000)
 Metaspace       used 88897K, capacity 93388K, committed 93568K, reserved 1130496K
  class space    used 11425K, capacity 12343K, committed 12416K, reserved 1048576K
Event: 1239.294 GC heap after
Heap after GC invocations=27 (full 3):
 PSYoungGen      total 397312K, used 12044K [0x00000000e0000000, 0x00000000faf00000, 0x0000000100000000)
  eden space 360448K, 0% used [0x00000000e0000000,0x00000000e0000000,0x00000000f6000000)
  from space 36864K, 32% used [0x00000000f8b00000,0x00000000f96c31a8,0x00000000faf00000)
  to   space 40448K, 0% used [0x00000000f6000000,0x00000000f6000000,0x00000000f8780000)
 ParOldGen       total 149504K, used 83762K [0x00000000a0000000, 0x00000000a9200000, 0x00000000e0000000)
  object space 149504K, 56% used [0x00000000a0000000,0x00000000a51cc8a0,0x00000000a9200000)
 Metaspace       used 88897K, capacity 93388K, committed 93568K, reserved 1130496K
  class space    used 11425K, capacity 12343K, committed 12416K, reserved 1048576K
}
Event: 1254.525 GC heap before
{Heap before GC invocations=28 (full 3):
 PSYoungGen      total 397312K, used 175028K [0x00000000e0000000, 0x00000000faf00000, 0x0000000100000000)
  eden space 360448K, 45% used [0x00000000e0000000,0x00000000e9f29f10,0x00000000f6000000)
  from space 36864K, 32% used [0x00000000f8b00000,0x00000000f96c31a8,0x00000000faf00000)
  to   space 40448K, 0% used [0x00000000f6000000,0x00000000f6000000,0x00000000f8780000)
 ParOldGen       total 149504K, used 83762K [0x00000000a0000000, 0x00000000a9200000, 0x00000000e0000000)
  object space 149504K, 56% used [0x00000000a0000000,0x00000000a51cc8a0,0x00000000a9200000)
 Metaspace       used 94008K, capacity 98484K, committed 98560K, reserved 1134592K
  class space    used 12080K, capacity 13017K, committed 13056K, reserved 1048576K
Event: 1254.680 GC heap after
Heap after GC invocations=28 (full 3):
 PSYoungGen      total 400896K, used 7809K [0x00000000e0000000, 0x00000000ff080000, 0x0000000100000000)
  eden space 360448K, 0% used [0x00000000e0000000,0x00000000e0000000,0x00000000f6000000)
  from space 40448K, 19% used [0x00000000f6000000,0x00000000f67a04b8,0x00000000f8780000)
  to   space 39936K, 0% used [0x00000000fc980000,0x00000000fc980000,0x00000000ff080000)
 ParOldGen       total 149504K, used 87288K [0x00000000a0000000, 0x00000000a9200000, 0x00000000e0000000)
  object space 149504K, 58% used [0x00000000a0000000,0x00000000a553e040,0x00000000a9200000)
 Metaspace       used 94008K, capacity 98484K, committed 98560K, reserved 1134592K
  class space    used 12080K, capacity 13017K, committed 13056K, reserved 1048576K
}
Event: 1254.686 GC heap before
{Heap before GC invocations=29 (full 4):
 PSYoungGen      total 400896K, used 7809K [0x00000000e0000000, 0x00000000ff080000, 0x0000000100000000)
  eden space 360448K, 0% used [0x00000000e0000000,0x00000000e0000000,0x00000000f6000000)
  from space 40448K, 19% used [0x00000000f6000000,0x00000000f67a04b8,0x00000000f8780000)
  to   space 39936K, 0% used [0x00000000fc980000,0x00000000fc980000,0x00000000ff080000)
 ParOldGen       total 149504K, used 87288K [0x00000000a0000000, 0x00000000a9200000, 0x00000000e0000000)
  object space 149504K, 58% used [0x00000000a0000000,0x00000000a553e040,0x00000000a9200000)
 Metaspace       used 94008K, capacity 98484K, committed 98560K, reserved 1134592K
  class space    used 12080K, capacity 13017K, committed 13056K, reserved 1048576K
Event: 1257.298 GC heap after
Heap after GC invocations=29 (full 4):
 PSYoungGen      total 400896K, used 0K [0x00000000e0000000, 0x00000000ff080000, 0x0000000100000000)
  eden space 360448K, 0% used [0x00000000e0000000,0x00000000e0000000,0x00000000f6000000)
  from space 40448K, 0% used [0x00000000f6000000,0x00000000f6000000,0x00000000f8780000)
  to   space 39936K, 0% used [0x00000000fc980000,0x00000000fc980000,0x00000000ff080000)
 ParOldGen       total 201728K, used 65381K [0x00000000a0000000, 0x00000000ac500000, 0x00000000e0000000)
  object space 201728K, 32% used [0x00000000a0000000,0x00000000a3fd9640,0x00000000ac500000)
 Metaspace       used 93518K, capacity 97082K, committed 98560K, reserved 1134592K
  class space    used 11924K, capacity 12746K, committed 13056K, reserved 1048576K
}

